#
# A fatal error has been detected by the Java Runtime Environment:
#
#  SIGSEGV (0xb) at pc=0x0000000108b0b8c1, pid=39140, tid=0x0000000000002703
#
# JRE version: Java(TM) SE Runtime Environment (8.0_112-b16) (build 1.8.0_112-b16)
# Java VM: Java HotSpot(TM) 64-Bit Server VM (25.112-b16 mixed mode bsd-amd64 compressed oops)
# Problematic frame:
# V  [libjvm.dylib+0x1a98c1]  oopDesc::size()+0x2d
#
# Failed to write core dump. Core dumps have been disabled. To enable core dumping, try "ulimit -c unlimited" before starting Java again
#
# If you would like to submit a bug report, please visit:
#   http://bugreport.java.com/bugreport/crash.jsp
#

---------------  T H R E A D  ---------------

Current thread (0x00007ffbd8805800):  GCTaskThread [stack: 0x000070000159b000,0x000070000169b000] [id=9987]

siginfo: si_signo: 11 (SIGSEGV), si_code: 1 (SEGV_MAPERR), si_addr: 0x0000000001980320

Registers:
RAX=0x000000010919faa0, RBX=0x00007ffbd6e09aa0, RCX=0x0000000000492703, RDX=0x0000000002493e01
RSP=0x000070000169ab90, RBP=0x000070000169ab90, RSI=0x000000077249f4f0, RDI=0x0000000001980318
R8 =0x0000000000000249, R9 =0x000000000000271c, R10=0x0000800000000001, R11=0x0000020000000000
R12=0x0000000000000020, R13=0x0000000772499c78, R14=0x000000077249f4f0, R15=0x00007ffbd6e09aa0
RIP=0x0000000108b0b8c1, EFLAGS=0x0000000000010206, ERR=0x0000000000000004
  TRAPNO=0x000000000000000e

Top of Stack: (sp=0x000070000169ab90)
0x000070000169ab90:   000070000169abc0 0000000108c25060
0x000070000169aba0:   000070000169ac08 0000000772499be8
0x000070000169abb0:   0000000000000032 00007ffbd6e09aa0
0x000070000169abc0:   000070000169ac30 0000000108ddbfe4
0x000070000169abd0:   0000000000000032 00007ffbd6e09aa0
0x000070000169abe0:   000070000169ac10 0000000108c2508b
0x000070000169abf0:   00007ffbd6e09aa0 00007ffbd6e09aa0
0x000070000169ac00:   00000007c0001938 0000000772499be8
0x000070000169ac10:   0000000772499be8 0000000108f74411
0x000070000169ac20:   00007ffbd6e09aa0 00000007c00117a8
0x000070000169ac30:   000070000169ac60 0000000108ddb388
0x000070000169ac40:   0000000000000000 00007ffbd6e09aa0
0x000070000169ac50:   00007ffbd6e09aa8 000000010919faa0
0x000070000169ac60:   000070000169acf0 0000000108e1de80
0x000070000169ac70:   00007ffbd6e09b28 00007ffbd6e09ae0
0x000070000169ac80:   00007ffbd6e09b28 00007ffbd6e09b60
0x000070000169ac90:   0000000000000000 0000000000000000
0x000070000169aca0:   0000000772499be8 00007ffbdcdcb000
0x000070000169acb0:   000070000169ac01 0000000108a06a01
0x000070000169acc0:   00007ffbd8805800 00007ffbd6e09aa0
0x000070000169acd0:   0000000000000000 0000000108f74411
0x000070000169ace0:   00007ffbdc176250 0000000000000001
0x000070000169acf0:   000070000169adb0 0000000108e101ca
0x000070000169ad00:   0000000000000000 0000000109232050
0x000070000169ad10:   0000000000000000 000070000169ad60
0x000070000169ad20:   0000000000000000 00000001092320f0
0x000070000169ad30:   000070000169ad00 000070000169ad60
0x000070000169ad40:   0000000109232110 0000000108dc5400
0x000070000169ad50:   000070000169ad60 00007ffbd6d0ec01
0x000070000169ad60:   0000000109237830 0000000108bd8200
0x000070000169ad70:   00007ffbd6e09aa0 00007ffbd6f04960
0x000070000169ad80:   00007ffbd6f04990 00007ffbd6f049a0 

Instructions: (pc=0x0000000108b0b8c1)
0x0000000108b0b8a1:   84 d2 48 89 fe 74 15 48 8d 05 f1 41 69 00 8a 48
0x0000000108b0b8b1:   08 8b 7e 08 48 d3 e7 48 03 38 eb 04 48 8b 7e 08
0x0000000108b0b8c1:   8b 47 08 85 c0 7e 09 a8 01 75 4e c1 f8 03 eb 47
0x0000000108b0b8d1:   85 c0 7f 43 85 c0 79 41 84 d2 0f 94 c1 0f b6 c9 

Register to memory mapping:

RAX=0x000000010919faa0: _ZN8Universe13_narrow_klassE+0 in /Library/Java/JavaVirtualMachines/jdk1.8.0_112.jdk/Contents/Home/jre/lib/server/libjvm.dylib at 0x0000000108962000
RBX=0x00007ffbd6e09aa0 is an unknown value
RCX=0x0000000000492703 is an unknown value
RDX=0x0000000002493e01 is an unknown value
RSP=0x000070000169ab90 is an unknown value
RBP=0x000070000169ab90 is an unknown value
RSI=0x000000077249f4f0 is pointing into object: 0x000000077249f440
[C 
 - klass: {type array char}
 - length: 135
RDI=0x0000000001980318 is an unknown value
R8 =0x0000000000000249 is an unknown value
R9 =0x000000000000271c is an unknown value
R10=0x0000800000000001 is an unknown value
R11=0x0000020000000000 is an unknown value
R12=0x0000000000000020 is an unknown value
R13=0x0000000772499c78 is pointing into object: 0x0000000772499be8
[Ljava.lang.Object; 
 - klass: 'java/lang/Object'[]
 - length: 50
R14=0x000000077249f4f0 is pointing into object: 0x000000077249f440
[C 
 - klass: {type array char}
 - length: 135
R15=0x00007ffbd6e09aa0 is an unknown value


Stack: [0x000070000159b000,0x000070000169b000],  sp=0x000070000169ab90,  free space=1022k
Native frames: (J=compiled Java code, j=interpreted, Vv=VM code, C=native code)
V  [libjvm.dylib+0x1a98c1]  oopDesc::size()+0x2d
V  [libjvm.dylib+0x2c3060]  void PSParallelCompact::mark_and_push<unsigned int>(ParCompactionManager*, unsigned int*)+0x6a
V  [libjvm.dylib+0x479fe4]  void ObjArrayKlass::objarray_follow_contents<unsigned int>(ParCompactionManager*, oopDesc*, int)+0x66
V  [libjvm.dylib+0x479388]  ObjArrayKlass::oop_follow_contents(ParCompactionManager*, oopDesc*)+0x70
V  [libjvm.dylib+0x4bbe80]  ParCompactionManager::follow_marking_stacks()+0xb4
V  [libjvm.dylib+0x4ae1ca]  ThreadRootsMarkingTask::do_it(GCTaskManager*, unsigned int)+0x11e
V  [libjvm.dylib+0x2767d3]  GCTaskThread::run()+0x1a1
V  [libjvm.dylib+0x48a7ae]  java_start(Thread*)+0xf6
C  [libsystem_pthread.dylib+0x393b]  _pthread_body+0xb4
C  [libsystem_pthread.dylib+0x3887]  _pthread_body+0x0
C  [libsystem_pthread.dylib+0x308d]  thread_start+0xd


---------------  P R O C E S S  ---------------

Java Threads: ( => current thread )
  0x00007ffbdb6c8000 JavaThread "CLEANUP_MANAGER" [_thread_blocked, id=30859, stack(0x00007000052fb000,0x00007000053fb000)]
  0x00007ffbdb626000 JavaThread "CHECKPOINT_WRITER" [_thread_blocked, id=47671, stack(0x00007000051f8000,0x00007000052f8000)]
  0x00007ffbda00b000 JavaThread "TXN_UPDATE" [_thread_blocked, id=41619, stack(0x00007000050f5000,0x00007000051f5000)]
  0x00007ffbdbb9f800 JavaThread "PAGE_WRITER:8192" [_thread_blocked, id=32927, stack(0x0000700004ff2000,0x00007000050f2000)]
  0x00007ffbe250d800 JavaThread "JOURNAL_FLUSHER" [_thread_blocked, id=34723, stack(0x0000700004eef000,0x0000700004fef000)]
  0x00007ffbdc962000 JavaThread "JOURNAL_COPIER" [_thread_blocked, id=21423, stack(0x0000700004dec000,0x0000700004eec000)]
  0x00007ffbdb717800 JavaThread "LOG_FLUSHER" daemon [_thread_blocked, id=38779, stack(0x0000700004be6000,0x0000700004ce6000)]
  0x00007ffbd746c000 JavaThread "Okio Watchdog" daemon [_thread_blocked, id=35423, stack(0x0000700004ae3000,0x0000700004be3000)]
  0x00007ffbe22ca000 JavaThread "OkHttp ConnectionPool" daemon [_thread_blocked, id=40055, stack(0x00007000043ce000,0x00007000044ce000)]
  0x00007ffbd8939000 JavaThread "Cache worker for Java compile cache (/Users/anshulsachdeva/Development/Android/NyTimesMVPDemo/.gradle/4.1/javaCompile)" [_thread_blocked, id=45643, stack(0x00007000049e0000,0x0000700004ae0000)]
  0x00007ffbdad44000 JavaThread "process reaper" daemon [_thread_blocked, id=28799, stack(0x000070000419d000,0x00007000041c5000)]
  0x00007ffbdb281000 JavaThread "process reaper" daemon [_thread_blocked, id=35755, stack(0x0000700004172000,0x000070000419a000)]
  0x00007ffbda6aa800 JavaThread "process reaper" daemon [_thread_blocked, id=40759, stack(0x0000700004147000,0x000070000416f000)]
  0x00007ffbd7f12000 JavaThread "process reaper" daemon [_thread_blocked, id=45859, stack(0x0000700003f16000,0x0000700003f3e000)]
  0x00007ffbe230f000 JavaThread "Task worker for ':' Thread 3" [_thread_blocked, id=22639, stack(0x0000700003904000,0x0000700003a04000)]
  0x00007ffbdc6fe800 JavaThread "Task worker for ':' Thread 2" [_thread_blocked, id=37939, stack(0x0000700003801000,0x0000700003901000)]
  0x00007ffbe230e000 JavaThread "Task worker for ':'" [_thread_blocked, id=32079, stack(0x00007000036fe000,0x00007000037fe000)]
  0x00007ffbe2603800 JavaThread "Cache worker for task history cache (/Users/anshulsachdeva/Development/Android/NyTimesMVPDemo/.gradle/4.1/taskHistory)" [_thread_blocked, id=25691, stack(0x00007000035fb000,0x00007000036fb000)]
  0x00007ffbdd456800 JavaThread "Cache worker for file content cache (/Users/anshulsachdeva/Development/Android/NyTimesMVPDemo/.gradle/4.1/fileContent)" [_thread_blocked, id=42087, stack(0x00007000033f5000,0x00007000034f5000)]
  0x00007ffbdac87800 JavaThread "build operations Thread 4" [_thread_blocked, id=42791, stack(0x00007000030ec000,0x00007000031ec000)]
  0x00007ffbda4e1800 JavaThread "build operations Thread 3" [_thread_blocked, id=26991, stack(0x0000700002fe9000,0x00007000030e9000)]
  0x00007ffbda96c000 JavaThread "build operations Thread 2" [_thread_blocked, id=26239, stack(0x0000700002ee6000,0x0000700002fe6000)]
  0x00007ffbda9e9000 JavaThread "build operations" [_thread_blocked, id=23395, stack(0x0000700002de3000,0x0000700002ee3000)]
  0x00007ffbdc8b2800 JavaThread "Cache worker for Artifact transforms cache (/Users/anshulsachdeva/.gradle/caches/transforms-1)" [_thread_blocked, id=44307, stack(0x0000700002ce0000,0x0000700002de0000)]
  0x00007ffbd7f4c800 JavaThread "Cache worker for file hash cache (/Users/anshulsachdeva/Development/Android/NyTimesMVPDemo/.gradle/4.1/fileHashes)" [_thread_blocked, id=23723, stack(0x00007000029d7000,0x0000700002ad7000)]
  0x00007ffbdd143000 JavaThread "Stdin handler" [_thread_blocked, id=41835, stack(0x00007000028d4000,0x00007000029d4000)]
  0x00007ffbdabff800 JavaThread "Asynchronous log dispatcher for DefaultDaemonConnection: socket connection from /0:0:0:0:0:0:0:1:56355 to /0:0:0:0:0:0:0:1:62749" [_thread_blocked, id=29727, stack(0x00007000027d1000,0x00007000028d1000)]
  0x00007ffbdcfd5800 JavaThread "Daemon worker Thread 17" [_thread_blocked, id=31275, stack(0x00007000026ce000,0x00007000027ce000)]
  0x00007ffbdbded800 JavaThread "Cancel handler" [_thread_blocked, id=43799, stack(0x00007000025cb000,0x00007000026cb000)]
  0x00007ffbdcdcb000 JavaThread "Handler for socket connection from /0:0:0:0:0:0:0:1:56355 to /0:0:0:0:0:0:0:1:62749" [_thread_in_native, id=34127, stack(0x00007000024c8000,0x00007000025c8000)]
  0x00007ffbdd3a0800 JavaThread "Daemon Thread 17" [_thread_blocked, id=26503, stack(0x000070000128f000,0x000070000138f000)]
  0x00007ffbd8eaf000 JavaThread "Okio Watchdog" daemon [_thread_blocked, id=29063, stack(0x00007000046d7000,0x00007000047d7000)]
  0x00007ffbd8e9f800 JavaThread "OkHttp ConnectionPool" daemon [_thread_blocked, id=47915, stack(0x00007000045d4000,0x00007000046d4000)]
  0x00007ffbdc769800 JavaThread "OkHttp ConnectionPool" daemon [_thread_blocked, id=46891, stack(0x0000700004044000,0x0000700004144000)]
  0x00007ffbdcfe7800 JavaThread "OkHttp ConnectionPool" daemon [_thread_blocked, id=48651, stack(0x0000700004ce9000,0x0000700004de9000)]
  0x00007ffbdb532800 JavaThread "OkHttp ConnectionPool" daemon [_thread_blocked, id=42583, stack(0x00007000048dd000,0x00007000049dd000)]
  0x00007ffbdc1a7800 JavaThread "OkHttp ConnectionPool" daemon [_thread_blocked, id=46347, stack(0x00007000047da000,0x00007000048da000)]
  0x00007ffbd7da9000 JavaThread "OkHttp ConnectionPool" daemon [_thread_blocked, id=33323, stack(0x0000700003c0d000,0x0000700003d0d000)]
  0x00007ffbe0062800 JavaThread "OkHttp ConnectionPool" daemon [_thread_blocked, id=44811, stack(0x00007000044d1000,0x00007000045d1000)]
  0x00007ffbe0240800 JavaThread "Okio Watchdog" daemon [_thread_blocked, id=28519, stack(0x0000700003a07000,0x0000700003b07000)]
  0x00007ffbda911000 JavaThread "OkHttp ConnectionPool" daemon [_thread_blocked, id=43275, stack(0x0000700003d10000,0x0000700003e10000)]
  0x00007ffbd7d63800 JavaThread "Device List Monitor" [_thread_in_native, id=25939, stack(0x00007000042cb000,0x00007000043cb000)]
  0x00007ffbda59f000 JavaThread "Monitor" [_thread_in_native, id=26707, stack(0x00007000041c8000,0x00007000042c8000)]
  0x00007ffbdcb68000 JavaThread "pool-18-thread-1" [_thread_blocked, id=21815, stack(0x00007000034f8000,0x00007000035f8000)]
  0x00007ffbdd5e5800 JavaThread "Device List Monitor" [_thread_in_native, id=40987, stack(0x0000700003f41000,0x0000700004041000)]
  0x00007ffbd8548800 JavaThread "Monitor" [_thread_in_native, id=33075, stack(0x0000700003e13000,0x0000700003f13000)]
  0x00007ffbdcde8000 JavaThread "Java2D Disposer" daemon [_thread_blocked, id=32563, stack(0x0000700003b0a000,0x0000700003c0a000)]
  0x00007ffbdcc30800 JavaThread "AWT-AppKit" daemon [_thread_in_native, id=775, stack(0x00007fff56b1b000,0x00007fff5731b000)]
  0x00007ffbdbd50000 JavaThread "Memory manager" [_thread_blocked, id=27907, stack(0x00007000032f2000,0x00007000033f2000)]
  0x00007ffbdab16800 JavaThread "pool-1-thread-1" [_thread_blocked, id=27395, stack(0x00007000031ef000,0x00007000032ef000)]
  0x00007ffbd8551800 JavaThread "File lock request listener" [_thread_in_native, id=24835, stack(0x0000700002bdd000,0x0000700002cdd000)]
  0x00007ffbd8b7c800 JavaThread "Cache worker for file hash cache (/Users/anshulsachdeva/.gradle/caches/4.1/fileHashes)" [_thread_blocked, id=24323, stack(0x0000700002ada000,0x0000700002bda000)]
  0x00007ffbd84db000 JavaThread "Daemon periodic checks" [_thread_blocked, id=20739, stack(0x00007000023c5000,0x00007000024c5000)]
  0x00007ffbd8a57000 JavaThread "Incoming local TCP Connector on port 56355" [_thread_in_native, id=20227, stack(0x00007000022c2000,0x00007000023c2000)]
  0x00007ffbd8510000 JavaThread "Daemon health stats" [_thread_blocked, id=19715, stack(0x00007000021bf000,0x00007000022bf000)]
  0x00007ffbd803d800 JavaThread "Service Thread" daemon [_thread_blocked, id=18691, stack(0x0000700001fb9000,0x00007000020b9000)]
  0x00007ffbd8044800 JavaThread "C1 CompilerThread2" daemon [_thread_blocked, id=18179, stack(0x0000700001eb6000,0x0000700001fb6000)]
  0x00007ffbd802f800 JavaThread "C2 CompilerThread1" daemon [_thread_blocked, id=17667, stack(0x0000700001db3000,0x0000700001eb3000)]
  0x00007ffbd7817000 JavaThread "C2 CompilerThread0" daemon [_thread_blocked, id=17155, stack(0x0000700001cb0000,0x0000700001db0000)]
  0x00007ffbd802f000 JavaThread "Signal Dispatcher" daemon [_thread_blocked, id=16643, stack(0x0000700001bad000,0x0000700001cad000)]
  0x00007ffbd7810000 JavaThread "Finalizer" daemon [_thread_blocked, id=12547, stack(0x0000700001aaa000,0x0000700001baa000)]
  0x00007ffbd882f000 JavaThread "Reference Handler" daemon [_thread_blocked, id=12035, stack(0x00007000019a7000,0x0000700001aa7000)]
  0x00007ffbd7000000 JavaThread "main" [_thread_blocked, id=6659, stack(0x0000700001395000,0x0000700001495000)]

Other Threads:
  0x00007ffbd780f800 VMThread [stack: 0x00007000018a4000,0x00007000019a4000] [id=11523]
  0x00007ffbd801d800 WatcherThread [stack: 0x00007000020bc000,0x00007000021bc000] [id=19203]

=>0x00007ffbd8805800 (exited) GCTaskThread [stack: 0x000070000159b000,0x000070000169b000] [id=9987]

VM state:at safepoint (normal execution)

VM Mutex/Monitor currently owned by a thread:  ([mutex/lock_event])
[0x00007ffbd6f033d0] Threads_lock - owner thread: 0x00007ffbd780f800
[0x00007ffbd6f038d0] Heap_lock - owner thread: 0x00007ffbe230f000

Heap:
 PSYoungGen      total 429056K, used 46257K [0x00000007a0000000, 0x00000007c0000000, 0x00000007c0000000)
  eden space 340992K, 0% used [0x00000007a0000000,0x00000007a0000000,0x00000007b4d00000)
  from space 88064K, 52% used [0x00000007b4d00000,0x00000007b7a2c608,0x00000007ba300000)
  to   space 90112K, 0% used [0x00000007ba800000,0x00000007ba800000,0x00000007c0000000)
 ParOldGen       total 394240K, used 350861K [0x0000000760000000, 0x0000000778100000, 0x00000007a0000000)
  object space 394240K, 88% used [0x0000000760000000,0x00000007756a37e0,0x0000000778100000)
 Metaspace       used 360873K, capacity 381682K, committed 381760K, reserved 1378304K
  class space    used 48277K, capacity 52838K, committed 52864K, reserved 1048576K

Card table byte_map: [0x000000010a5c0000,0x000000010a8c1000] byte_map_base: 0x0000000106ac0000

Marking Bits: (ParMarkBitMap*) 0x0000000109252d30
 Begin Bits: [0x000000010aac1000, 0x000000010c2c1000)
 End Bits:   [0x000000010c2c1000, 0x000000010dac1000)

Polling page: 0x0000000109947000

CodeCache: size=245760Kb used=155197Kb max_used=156182Kb free=90562Kb
 bounds [0x0000000115673000, 0x000000011f003000, 0x0000000124673000]
 total_blobs=44183 nmethods=43158 adapters=933
 compilation: enabled

Compilation events (10 events):
Event: 5979.483 Thread 0x00007ffbd8044800 58263       3       org.sonarsource.analyzer.commons.internal.json.simple.parser.Yylex::yytext (25 bytes)
Event: 5979.483 Thread 0x00007ffbd8044800 nmethod 58263 0x00000001161aa550 code [0x00000001161aa6c0, 0x00000001161aa8c8]
Event: 5979.483 Thread 0x00007ffbd8044800 58264       3       org.sonarsource.analyzer.commons.internal.json.simple.parser.JSONParser::peekStatus (22 bytes)
Event: 5979.484 Thread 0x00007ffbd8044800 nmethod 58264 0x000000011ba7e950 code [0x000000011ba7eae0, 0x000000011ba7f088]
Event: 5979.486 Thread 0x00007ffbd802f800 58266       4       org.sonarsource.analyzer.commons.internal.json.simple.parser.JSONParser::nextToken (32 bytes)
Event: 5979.488 Thread 0x00007ffbd802f800 nmethod 58266 0x00000001179cded0 code [0x00000001179ce020, 0x00000001179ce168]
Event: 5979.510 Thread 0x00007ffbd802f800 58267       4       java.util.Spliterators::checkFromToBounds (74 bytes)
Event: 5979.510 Thread 0x00007ffbd8044800 58268       3       org.sonar.classloader.ClassRealm::loadClass (7 bytes)
Event: 5979.511 Thread 0x00007ffbd8044800 nmethod 58268 0x000000011a26edd0 code [0x000000011a26ef40, 0x000000011a26f0e8]
Event: 5979.511 Thread 0x00007ffbd802f800 nmethod 58267 0x000000011bb92110 code [0x000000011bb92260, 0x000000011bb922f8]

GC Heap History (10 events):
Event: 5955.823 GC heap after
Heap after GC invocations=115 (full 6):
 PSYoungGen      total 449024K, used 71140K [0x00000007a0000000, 0x00000007c0000000, 0x00000007c0000000)
  eden space 377856K, 0% used [0x00000007a0000000,0x00000007a0000000,0x00000007b7100000)
  from space 71168K, 99% used [0x00000007b7100000,0x00000007bb679050,0x00000007bb680000)
  to   space 75264K, 0% used [0x00000007bb680000,0x00000007bb680000,0x00000007c0000000)
 ParOldGen       total 394240K, used 347569K [0x0000000760000000, 0x0000000778100000, 0x00000007a0000000)
  object space 394240K, 88% used [0x0000000760000000,0x000000077536c4e0,0x0000000778100000)
 Metaspace       used 351330K, capacity 371680K, committed 371904K, reserved 1370112K
  class space    used 47054K, capacity 51434K, committed 51456K, reserved 1048576K
}
Event: 5956.935 GC heap before
{Heap before GC invocations=116 (full 6):
 PSYoungGen      total 449024K, used 448996K [0x00000007a0000000, 0x00000007c0000000, 0x00000007c0000000)
  eden space 377856K, 100% used [0x00000007a0000000,0x00000007b7100000,0x00000007b7100000)
  from space 71168K, 99% used [0x00000007b7100000,0x00000007bb679050,0x00000007bb680000)
  to   space 75264K, 0% used [0x00000007bb680000,0x00000007bb680000,0x00000007c0000000)
 ParOldGen       total 394240K, used 347569K [0x0000000760000000, 0x0000000778100000, 0x00000007a0000000)
  object space 394240K, 88% used [0x0000000760000000,0x000000077536c4e0,0x0000000778100000)
 Metaspace       used 351330K, capacity 371680K, committed 371904K, reserved 1370112K
  class space    used 47054K, capacity 51434K, committed 51456K, reserved 1048576K
Event: 5956.944 GC heap after
Heap after GC invocations=116 (full 6):
 PSYoungGen      total 413184K, used 1056K [0x00000007a0000000, 0x00000007c0000000, 0x00000007c0000000)
  eden space 337920K, 0% used [0x00000007a0000000,0x00000007a0000000,0x00000007b4a00000)
  from space 75264K, 1% used [0x00000007bb680000,0x00000007bb788000,0x00000007c0000000)
  to   space 93184K, 0% used [0x00000007b4a00000,0x00000007b4a00000,0x00000007ba500000)
 ParOldGen       total 394240K, used 349135K [0x0000000760000000, 0x0000000778100000, 0x00000007a0000000)
  object space 394240K, 88% used [0x0000000760000000,0x00000007754f3de0,0x0000000778100000)
 Metaspace       used 351330K, capacity 371680K, committed 371904K, reserved 1370112K
  class space    used 47054K, capacity 51434K, committed 51456K, reserved 1048576K
}
Event: 5957.604 GC heap before
{Heap before GC invocations=117 (full 6):
 PSYoungGen      total 413184K, used 338903K [0x00000007a0000000, 0x00000007c0000000, 0x00000007c0000000)
  eden space 337920K, 99% used [0x00000007a0000000,0x00000007b49edc18,0x00000007b4a00000)
  from space 75264K, 1% used [0x00000007bb680000,0x00000007bb788000,0x00000007c0000000)
  to   space 93184K, 0% used [0x00000007b4a00000,0x00000007b4a00000,0x00000007ba500000)
 ParOldGen       total 394240K, used 349135K [0x0000000760000000, 0x0000000778100000, 0x00000007a0000000)
  object space 394240K, 88% used [0x0000000760000000,0x00000007754f3de0,0x0000000778100000)
 Metaspace       used 351332K, capacity 371686K, committed 371904K, reserved 1370112K
  class space    used 47055K, capacity 51435K, committed 51456K, reserved 1048576K
Event: 5957.613 GC heap after
Heap after GC invocations=117 (full 6):
 PSYoungGen      total 431104K, used 7271K [0x00000007a0000000, 0x00000007c0000000, 0x00000007c0000000)
  eden space 337920K, 0% used [0x00000007a0000000,0x00000007a0000000,0x00000007b4a00000)
  from space 93184K, 7% used [0x00000007b4a00000,0x00000007b5119ee8,0x00000007ba500000)
  to   space 90112K, 0% used [0x00000007ba800000,0x00000007ba800000,0x00000007c0000000)
 ParOldGen       total 394240K, used 349223K [0x0000000760000000, 0x0000000778100000, 0x00000007a0000000)
  object space 394240K, 88% used [0x0000000760000000,0x0000000775509de0,0x0000000778100000)
 Metaspace       used 351332K, capacity 371686K, committed 371904K, reserved 1370112K
  class space    used 47055K, capacity 51435K, committed 51456K, reserved 1048576K
}
Event: 5957.659 GC heap before
{Heap before GC invocations=118 (full 6):
 PSYoungGen      total 431104K, used 344727K [0x00000007a0000000, 0x00000007c0000000, 0x00000007c0000000)
  eden space 337920K, 99% used [0x00000007a0000000,0x00000007b498bd70,0x00000007b4a00000)
  from space 93184K, 7% used [0x00000007b4a00000,0x00000007b5119ee8,0x00000007ba500000)
  to   space 90112K, 0% used [0x00000007ba800000,0x00000007ba800000,0x00000007c0000000)
 ParOldGen       total 394240K, used 349223K [0x0000000760000000, 0x0000000778100000, 0x00000007a0000000)
  object space 394240K, 88% used [0x0000000760000000,0x0000000775509de0,0x0000000778100000)
 Metaspace       used 351332K, capacity 371686K, committed 371904K, reserved 1370112K
  class space    used 47055K, capacity 51435K, committed 51456K, reserved 1048576K
Event: 5957.667 GC heap after
Heap after GC invocations=118 (full 6):
 PSYoungGen      total 423936K, used 96K [0x00000007a0000000, 0x00000007bf900000, 0x00000007c0000000)
  eden space 340992K, 0% used [0x00000007a0000000,0x00000007a0000000,0x00000007b4d00000)
  from space 82944K, 0% used [0x00000007ba800000,0x00000007ba818000,0x00000007bf900000)
  to   space 88064K, 0% used [0x00000007b4d00000,0x00000007b4d00000,0x00000007ba300000)
 ParOldGen       total 394240K, used 350829K [0x0000000760000000, 0x0000000778100000, 0x00000007a0000000)
  object space 394240K, 88% used [0x0000000760000000,0x000000077569b7e0,0x0000000778100000)
 Metaspace       used 351332K, capacity 371686K, committed 371904K, reserved 1370112K
  class space    used 47055K, capacity 51435K, committed 51456K, reserved 1048576K
}
Event: 5979.516 GC heap before
{Heap before GC invocations=119 (full 6):
 PSYoungGen      total 423936K, used 234103K [0x00000007a0000000, 0x00000007bf900000, 0x00000007c0000000)
  eden space 340992K, 68% used [0x00000007a0000000,0x00000007ae485e50,0x00000007b4d00000)
  from space 82944K, 0% used [0x00000007ba800000,0x00000007ba818000,0x00000007bf900000)
  to   space 88064K, 0% used [0x00000007b4d00000,0x00000007b4d00000,0x00000007ba300000)
 ParOldGen       total 394240K, used 350829K [0x0000000760000000, 0x0000000778100000, 0x00000007a0000000)
  object space 394240K, 88% used [0x0000000760000000,0x000000077569b7e0,0x0000000778100000)
 Metaspace       used 360873K, capacity 381682K, committed 381760K, reserved 1378304K
  class space    used 48277K, capacity 52838K, committed 52864K, reserved 1048576K
Event: 5979.534 GC heap after
Heap after GC invocations=119 (full 6):
 PSYoungGen      total 429056K, used 46257K [0x00000007a0000000, 0x00000007c0000000, 0x00000007c0000000)
  eden space 340992K, 0% used [0x00000007a0000000,0x00000007a0000000,0x00000007b4d00000)
  from space 88064K, 52% used [0x00000007b4d00000,0x00000007b7a2c608,0x00000007ba300000)
  to   space 90112K, 0% used [0x00000007ba800000,0x00000007ba800000,0x00000007c0000000)
 ParOldGen       total 394240K, used 350861K [0x0000000760000000, 0x0000000778100000, 0x00000007a0000000)
  object space 394240K, 88% used [0x0000000760000000,0x00000007756a37e0,0x0000000778100000)
 Metaspace       used 360873K, capacity 381682K, committed 381760K, reserved 1378304K
  class space    used 48277K, capacity 52838K, committed 52864K, reserved 1048576K
}
Event: 5979.534 GC heap before
{Heap before GC invocations=120 (full 7):
 PSYoungGen      total 429056K, used 46257K [0x00000007a0000000, 0x00000007c0000000, 0x00000007c0000000)
  eden space 340992K, 0% used [0x00000007a0000000,0x00000007a0000000,0x00000007b4d00000)
  from space 88064K, 52% used [0x00000007b4d00000,0x00000007b7a2c608,0x00000007ba300000)
  to   space 90112K, 0% used [0x00000007ba800000,0x00000007ba800000,0x00000007c0000000)
 ParOldGen       total 394240K, used 350861K [0x0000000760000000, 0x0000000778100000, 0x00000007a0000000)
  object space 394240K, 88% used [0x0000000760000000,0x00000007756a37e0,0x0000000778100000)
 Metaspace       used 360873K, capacity 381682K, committed 381760K, reserved 1378304K
  class space    used 48277K, capacity 52838K, committed 52864K, reserved 1048576K

Deoptimization events (10 events):
Event: 5953.503 Thread 0x00007ffbdcfd5800 Uncommon trap: reason=predicate action=maybe_recompile pc=0x000000011ee998dc method=com.intellij.extapi.psi.StubBasedPsiElementBase.getStubOrPsiChildren(Lcom/intellij/psi/stubs/IStubElementType;Lcom/intellij/util/ArrayFactory;)[Lcom/intellij/psi/PsiElemen
Event: 5953.555 Thread 0x00007ffbdcfd5800 Uncommon trap: reason=array_check action=maybe_recompile pc=0x000000011eedb900 method=com.intellij.extapi.psi.StubBasedPsiElementBase.getStubOrPsiChildren(Lcom/intellij/psi/stubs/IStubElementType;Lcom/intellij/util/ArrayFactory;)[Lcom/intellij/psi/PsiElem
Event: 5953.556 Thread 0x00007ffbdcfd5800 Uncommon trap: reason=array_check action=maybe_recompile pc=0x000000011eedb900 method=com.intellij.extapi.psi.StubBasedPsiElementBase.getStubOrPsiChildren(Lcom/intellij/psi/stubs/IStubElementType;Lcom/intellij/util/ArrayFactory;)[Lcom/intellij/psi/PsiElem
Event: 5953.560 Thread 0x00007ffbdcfd5800 Uncommon trap: reason=array_check action=maybe_recompile pc=0x000000011eedb900 method=com.intellij.extapi.psi.StubBasedPsiElementBase.getStubOrPsiChildren(Lcom/intellij/psi/stubs/IStubElementType;Lcom/intellij/util/ArrayFactory;)[Lcom/intellij/psi/PsiElem
Event: 5953.561 Thread 0x00007ffbdcfd5800 Uncommon trap: reason=array_check action=maybe_recompile pc=0x000000011eedb900 method=com.intellij.extapi.psi.StubBasedPsiElementBase.getStubOrPsiChildren(Lcom/intellij/psi/stubs/IStubElementType;Lcom/intellij/util/ArrayFactory;)[Lcom/intellij/psi/PsiElem
Event: 5956.418 Thread 0x00007ffbdc212000 Uncommon trap: reason=array_check action=maybe_recompile pc=0x000000011efbe414 method=java.util.TimSort.mergeLo(IIII)V @ 375
Event: 5956.419 Thread 0x00007ffbdc212000 Uncommon trap: reason=array_check action=maybe_recompile pc=0x000000011efbe414 method=java.util.TimSort.mergeLo(IIII)V @ 375
Event: 5956.419 Thread 0x00007ffbdc212000 Uncommon trap: reason=array_check action=maybe_recompile pc=0x000000011be74668 method=java.util.TimSort.mergeLo(IIII)V @ 212
Event: 5956.705 Thread 0x00007ffbe22ca000 Uncommon trap: reason=array_check action=maybe_recompile pc=0x000000011efc7748 method=java.util.TimSort.mergeLo(IIII)V @ 468
Event: 5956.705 Thread 0x00007ffbe22ca000 Uncommon trap: reason=array_check action=maybe_recompile pc=0x000000011efc7748 method=java.util.TimSort.mergeLo(IIII)V @ 468

Internal exceptions (10 events):
Event: 5955.507 Thread 0x00007ffbe2f2c000 Exception <a 'sun/nio/fs/UnixException'> (0x00000007ad569ca8) thrown at [/Users/java_re/workspace/8-2-build-macosx-x86_64/jdk8u112/7935/hotspot/src/share/vm/prims/jni.cpp, line 709]
Event: 5955.508 Thread 0x00007ffbe22ca000 Exception <a 'sun/nio/fs/UnixException'> (0x00000007ad784cd8) thrown at [/Users/java_re/workspace/8-2-build-macosx-x86_64/jdk8u112/7935/hotspot/src/share/vm/prims/jni.cpp, line 709]
Event: 5955.509 Thread 0x00007ffbe2f2c000 Exception <a 'sun/nio/fs/UnixException'> (0x00000007ad5851c8) thrown at [/Users/java_re/workspace/8-2-build-macosx-x86_64/jdk8u112/7935/hotspot/src/share/vm/prims/jni.cpp, line 709]
Event: 5955.509 Thread 0x00007ffbe22ca000 Exception <a 'sun/nio/fs/UnixException'> (0x00000007ad79da98) thrown at [/Users/java_re/workspace/8-2-build-macosx-x86_64/jdk8u112/7935/hotspot/src/share/vm/prims/jni.cpp, line 709]
Event: 5955.511 Thread 0x00007ffbe2f2c000 Exception <a 'sun/nio/fs/UnixException'> (0x00000007ad7e36d8) thrown at [/Users/java_re/workspace/8-2-build-macosx-x86_64/jdk8u112/7935/hotspot/src/share/vm/prims/jni.cpp, line 709]
Event: 5955.512 Thread 0x00007ffbe2f2c000 Exception <a 'sun/nio/fs/UnixException'> (0x00000007ad7f57b0) thrown at [/Users/java_re/workspace/8-2-build-macosx-x86_64/jdk8u112/7935/hotspot/src/share/vm/prims/jni.cpp, line 709]
Event: 5955.519 Thread 0x00007ffbe22ca000 Exception <a 'sun/nio/fs/UnixException'> (0x00000007ad9cef70) thrown at [/Users/java_re/workspace/8-2-build-macosx-x86_64/jdk8u112/7935/hotspot/src/share/vm/prims/jni.cpp, line 709]
Event: 5977.577 Thread 0x00007ffbe230f000 Exception <a 'sun/nio/fs/UnixException'> (0x00000007a8ce0528) thrown at [/Users/java_re/workspace/8-2-build-macosx-x86_64/jdk8u112/7935/hotspot/src/share/vm/prims/jni.cpp, line 709]
Event: 5977.577 Thread 0x00007ffbe230f000 Exception <a 'sun/nio/fs/UnixException'> (0x00000007a8ce14a0) thrown at [/Users/java_re/workspace/8-2-build-macosx-x86_64/jdk8u112/7935/hotspot/src/share/vm/prims/jni.cpp, line 709]
Event: 5978.650 Thread 0x00007ffbe230f000 Exception <a 'sun/nio/fs/UnixException'> (0x00000007aa07e2d8) thrown at [/Users/java_re/workspace/8-2-build-macosx-x86_64/jdk8u112/7935/hotspot/src/share/vm/prims/jni.cpp, line 709]

Events (10 events):
Event: 5979.512 loading class org/sonar/plugins/javascript/external/EslintReportSensor done
Event: 5979.513 loading class org/sonar/plugins/javascript/eslint/EslintBridgeServerImpl
Event: 5979.513 loading class org/sonar/plugins/javascript/eslint/EslintBridgeServerImpl done
Event: 5979.514 loading class org/sonar/plugins/javascript/eslint/EslintBridgeServer
Event: 5979.514 loading class org/sonar/plugins/javascript/eslint/EslintBridgeServer done
Event: 5979.514 loading class org/sonarsource/nodejs/NodeCommand
Event: 5979.514 loading class org/sonarsource/nodejs/NodeCommand done
Event: 5979.515 loading class org/sonarsource/nodejs/NodeCommandException
Event: 5979.515 loading class org/sonarsource/nodejs/NodeCommandException done
Event: 5979.515 Executing VM operation: CollectForMetadataAllocation


Dynamic libraries:
0x0000000025fd2000 	/System/Library/Frameworks/Cocoa.framework/Versions/A/Cocoa
0x0000000025fd2000 	/System/Library/Frameworks/Security.framework/Versions/A/Security
0x0000000025fd2000 	/System/Library/Frameworks/ApplicationServices.framework/Versions/A/ApplicationServices
0x0000000025fd2000 	/usr/lib/libz.1.dylib
0x0000000025fd2000 	/usr/lib/libSystem.B.dylib
0x0000000025fd2000 	/usr/lib/libobjc.A.dylib
0x0000000025fd2000 	/System/Library/Frameworks/CoreFoundation.framework/Versions/A/CoreFoundation
0x0000000025fd2000 	/System/Library/Frameworks/Foundation.framework/Versions/C/Foundation
0x0000000025fd2000 	/System/Library/Frameworks/AppKit.framework/Versions/C/AppKit
0x0000000025fd2000 	/System/Library/Frameworks/CoreData.framework/Versions/A/CoreData
0x0000000025fd2000 	/System/Library/PrivateFrameworks/RemoteViewServices.framework/Versions/A/RemoteViewServices
0x0000000025fd2000 	/System/Library/PrivateFrameworks/UIFoundation.framework/Versions/A/UIFoundation
0x0000000025fd2000 	/System/Library/PrivateFrameworks/DFRFoundation.framework/Versions/A/DFRFoundation
0x0000000025fd2000 	/usr/lib/libenergytrace.dylib
0x0000000025fd2000 	/System/Library/PrivateFrameworks/SkyLight.framework/Versions/A/SkyLight
0x0000000025fd2000 	/System/Library/Frameworks/CoreGraphics.framework/Versions/A/CoreGraphics
0x0000000025fd2000 	/usr/lib/libScreenReader.dylib
0x0000000025fd2000 	/System/Library/Frameworks/Accelerate.framework/Versions/A/Accelerate
0x0000000025fd2000 	/System/Library/Frameworks/IOSurface.framework/Versions/A/IOSurface
0x0000000025fd2000 	/System/Library/Frameworks/AudioToolbox.framework/Versions/A/AudioToolbox
0x0000000025fd2000 	/System/Library/Frameworks/AudioUnit.framework/Versions/A/AudioUnit
0x0000000025fd2000 	/System/Library/PrivateFrameworks/DataDetectorsCore.framework/Versions/A/DataDetectorsCore
0x0000000025fd2000 	/System/Library/PrivateFrameworks/DesktopServicesPriv.framework/Versions/A/DesktopServicesPriv
0x0000000025fd2000 	/System/Library/Frameworks/Carbon.framework/Versions/A/Frameworks/HIToolbox.framework/Versions/A/HIToolbox
0x0000000025fd2000 	/usr/lib/libicucore.A.dylib
0x0000000025fd2000 	/System/Library/Frameworks/QuartzCore.framework/Versions/A/QuartzCore
0x0000000025fd2000 	/System/Library/Frameworks/Carbon.framework/Versions/A/Frameworks/SpeechRecognition.framework/Versions/A/SpeechRecognition
0x0000000025fd2000 	/usr/lib/libauto.dylib
0x0000000025fd2000 	/usr/lib/libxml2.2.dylib
0x0000000025fd2000 	/System/Library/PrivateFrameworks/CoreUI.framework/Versions/A/CoreUI
0x0000000025fd2000 	/System/Library/Frameworks/CoreAudio.framework/Versions/A/CoreAudio
0x0000000025fd2000 	/System/Library/Frameworks/DiskArbitration.framework/Versions/A/DiskArbitration
0x0000000025fd2000 	/usr/lib/liblangid.dylib
0x0000000025fd2000 	/System/Library/PrivateFrameworks/MultitouchSupport.framework/Versions/A/MultitouchSupport
0x0000000025fd2000 	/System/Library/Frameworks/IOKit.framework/Versions/A/IOKit
0x0000000025fd2000 	/usr/lib/libDiagnosticMessagesClient.dylib
0x0000000025fd2000 	/System/Library/Frameworks/CoreServices.framework/Versions/A/CoreServices
0x0000000025fd2000 	/System/Library/PrivateFrameworks/PerformanceAnalysis.framework/Versions/A/PerformanceAnalysis
0x0000000025fd2000 	/System/Library/PrivateFrameworks/GenerationalStorage.framework/Versions/A/GenerationalStorage
0x0000000025fd2000 	/System/Library/Frameworks/OpenGL.framework/Versions/A/OpenGL
0x0000000025fd2000 	/System/Library/Frameworks/CoreImage.framework/Versions/A/CoreImage
0x0000000025fd2000 	/System/Library/Frameworks/CoreText.framework/Versions/A/CoreText
0x0000000025fd2000 	/System/Library/Frameworks/ImageIO.framework/Versions/A/ImageIO
0x0000000025fd2000 	/System/Library/PrivateFrameworks/Backup.framework/Versions/A/Backup
0x0000000025fd2000 	/usr/lib/libarchive.2.dylib
0x0000000025fd2000 	/System/Library/Frameworks/CFNetwork.framework/Versions/A/CFNetwork
0x0000000025fd2000 	/System/Library/Frameworks/SystemConfiguration.framework/Versions/A/SystemConfiguration
0x0000000025fd2000 	/usr/lib/libCRFSuite.dylib
0x0000000025fd2000 	/usr/lib/libc++.1.dylib
0x0000000025fd2000 	/usr/lib/libc++abi.dylib
0x0000000025fd2000 	/usr/lib/system/libcache.dylib
0x0000000025fd2000 	/usr/lib/system/libcommonCrypto.dylib
0x0000000025fd2000 	/usr/lib/system/libcompiler_rt.dylib
0x0000000025fd2000 	/usr/lib/system/libcopyfile.dylib
0x0000000025fd2000 	/usr/lib/system/libcorecrypto.dylib
0x0000000025fd2000 	/usr/lib/system/libdispatch.dylib
0x0000000025fd2000 	/usr/lib/system/libdyld.dylib
0x0000000025fd2000 	/usr/lib/system/libkeymgr.dylib
0x0000000025fd2000 	/usr/lib/system/liblaunch.dylib
0x0000000025fd2000 	/usr/lib/system/libmacho.dylib
0x0000000025fd2000 	/usr/lib/system/libquarantine.dylib
0x0000000025fd2000 	/usr/lib/system/libremovefile.dylib
0x0000000025fd2000 	/usr/lib/system/libsystem_asl.dylib
0x0000000025fd2000 	/usr/lib/system/libsystem_blocks.dylib
0x0000000025fd2000 	/usr/lib/system/libsystem_c.dylib
0x0000000025fd2000 	/usr/lib/system/libsystem_configuration.dylib
0x0000000025fd2000 	/usr/lib/system/libsystem_coreservices.dylib
0x0000000025fd2000 	/usr/lib/system/libsystem_coretls.dylib
0x0000000025fd2000 	/usr/lib/system/libsystem_dnssd.dylib
0x0000000025fd2000 	/usr/lib/system/libsystem_info.dylib
0x0000000025fd2000 	/usr/lib/system/libsystem_kernel.dylib
0x0000000025fd2000 	/usr/lib/system/libsystem_m.dylib
0x0000000025fd2000 	/usr/lib/system/libsystem_malloc.dylib
0x0000000025fd2000 	/usr/lib/system/libsystem_network.dylib
0x0000000025fd2000 	/usr/lib/system/libsystem_networkextension.dylib
0x0000000025fd2000 	/usr/lib/system/libsystem_notify.dylib
0x0000000025fd2000 	/usr/lib/system/libsystem_platform.dylib
0x0000000025fd2000 	/usr/lib/system/libsystem_pthread.dylib
0x0000000025fd2000 	/usr/lib/system/libsystem_sandbox.dylib
0x0000000025fd2000 	/usr/lib/system/libsystem_secinit.dylib
0x0000000025fd2000 	/usr/lib/system/libsystem_symptoms.dylib
0x0000000025fd2000 	/usr/lib/system/libsystem_trace.dylib
0x0000000025fd2000 	/usr/lib/system/libunwind.dylib
0x0000000025fd2000 	/usr/lib/system/libxpc.dylib
0x0000000025fd2000 	/usr/lib/libbsm.0.dylib
0x0000000025fd2000 	/usr/lib/system/libkxld.dylib
0x0000000025fd2000 	/usr/lib/libcoretls.dylib
0x0000000025fd2000 	/usr/lib/libcoretls_cfhelpers.dylib
0x0000000025fd2000 	/usr/lib/libOpenScriptingUtil.dylib
0x0000000025fd2000 	/usr/lib/libpam.2.dylib
0x0000000025fd2000 	/usr/lib/libsqlite3.dylib
0x0000000025fd2000 	/usr/lib/libxar.1.dylib
0x0000000025fd2000 	/usr/lib/libbz2.1.0.dylib
0x0000000025fd2000 	/usr/lib/liblzma.5.dylib
0x0000000025fd2000 	/usr/lib/libnetwork.dylib
0x0000000025fd2000 	/usr/lib/libpcap.A.dylib
0x0000000025fd2000 	/System/Library/Frameworks/CoreServices.framework/Versions/A/Frameworks/FSEvents.framework/Versions/A/FSEvents
0x0000000025fd2000 	/System/Library/Frameworks/CoreServices.framework/Versions/A/Frameworks/CarbonCore.framework/Versions/A/CarbonCore
0x0000000025fd2000 	/System/Library/Frameworks/CoreServices.framework/Versions/A/Frameworks/Metadata.framework/Versions/A/Metadata
0x0000000025fd2000 	/System/Library/Frameworks/CoreServices.framework/Versions/A/Frameworks/OSServices.framework/Versions/A/OSServices
0x0000000025fd2000 	/System/Library/Frameworks/CoreServices.framework/Versions/A/Frameworks/SearchKit.framework/Versions/A/SearchKit
0x0000000025fd2000 	/System/Library/Frameworks/CoreServices.framework/Versions/A/Frameworks/AE.framework/Versions/A/AE
0x0000000025fd2000 	/System/Library/Frameworks/CoreServices.framework/Versions/A/Frameworks/LaunchServices.framework/Versions/A/LaunchServices
0x0000000025fd2000 	/System/Library/Frameworks/CoreServices.framework/Versions/A/Frameworks/DictionaryServices.framework/Versions/A/DictionaryServices
0x0000000025fd2000 	/System/Library/Frameworks/CoreServices.framework/Versions/A/Frameworks/SharedFileList.framework/Versions/A/SharedFileList
0x0000000025fd2000 	/System/Library/Frameworks/NetFS.framework/Versions/A/NetFS
0x0000000025fd2000 	/System/Library/PrivateFrameworks/NetAuth.framework/Versions/A/NetAuth
0x0000000025fd2000 	/System/Library/PrivateFrameworks/login.framework/Versions/A/Frameworks/loginsupport.framework/Versions/A/loginsupport
0x0000000025fd2000 	/System/Library/PrivateFrameworks/TCC.framework/Versions/A/TCC
0x0000000025fd2000 	/usr/lib/libmecabra.dylib
0x0000000025fd2000 	/System/Library/Frameworks/ApplicationServices.framework/Versions/A/Frameworks/ATS.framework/Versions/A/ATS
0x0000000025fd2000 	/System/Library/Frameworks/ApplicationServices.framework/Versions/A/Frameworks/ColorSync.framework/Versions/A/ColorSync
0x0000000025fd2000 	/System/Library/Frameworks/ApplicationServices.framework/Versions/A/Frameworks/HIServices.framework/Versions/A/HIServices
0x0000000025fd2000 	/System/Library/Frameworks/ApplicationServices.framework/Versions/A/Frameworks/LangAnalysis.framework/Versions/A/LangAnalysis
0x0000000025fd2000 	/System/Library/Frameworks/ApplicationServices.framework/Versions/A/Frameworks/PrintCore.framework/Versions/A/PrintCore
0x0000000025fd2000 	/System/Library/Frameworks/ApplicationServices.framework/Versions/A/Frameworks/QD.framework/Versions/A/QD
0x0000000025fd2000 	/System/Library/Frameworks/ApplicationServices.framework/Versions/A/Frameworks/SpeechSynthesis.framework/Versions/A/SpeechSynthesis
0x0000000025fd2000 	/System/Library/Frameworks/Accelerate.framework/Versions/A/Frameworks/vImage.framework/Versions/A/vImage
0x0000000025fd2000 	/System/Library/Frameworks/Accelerate.framework/Versions/A/Frameworks/vecLib.framework/Versions/A/vecLib
0x0000000025fd2000 	/System/Library/Frameworks/Accelerate.framework/Versions/A/Frameworks/vecLib.framework/Versions/A/libvDSP.dylib
0x0000000025fd2000 	/System/Library/Frameworks/Accelerate.framework/Versions/A/Frameworks/vecLib.framework/Versions/A/libBNNS.dylib
0x0000000025fd2000 	/System/Library/Frameworks/Accelerate.framework/Versions/A/Frameworks/vecLib.framework/Versions/A/libQuadrature.dylib
0x0000000025fd2000 	/System/Library/Frameworks/Accelerate.framework/Versions/A/Frameworks/vecLib.framework/Versions/A/libvMisc.dylib
0x0000000025fd2000 	/System/Library/Frameworks/Accelerate.framework/Versions/A/Frameworks/vecLib.framework/Versions/A/libLAPACK.dylib
0x0000000025fd2000 	/System/Library/Frameworks/Accelerate.framework/Versions/A/Frameworks/vecLib.framework/Versions/A/libBLAS.dylib
0x0000000025fd2000 	/System/Library/Frameworks/Accelerate.framework/Versions/A/Frameworks/vecLib.framework/Versions/A/libLinearAlgebra.dylib
0x0000000025fd2000 	/System/Library/Frameworks/Accelerate.framework/Versions/A/Frameworks/vecLib.framework/Versions/A/libSparseBLAS.dylib
0x0000000025fd2000 	/System/Library/Frameworks/ApplicationServices.framework/Versions/A/Frameworks/ATS.framework/Versions/A/Resources/libFontParser.dylib
0x0000000025fd2000 	/System/Library/Frameworks/ApplicationServices.framework/Versions/A/Frameworks/ATS.framework/Versions/A/Resources/libFontRegistry.dylib
0x0000000025fd2000 	/System/Library/Frameworks/ImageIO.framework/Versions/A/Resources/libJPEG.dylib
0x0000000025fd2000 	/System/Library/Frameworks/ImageIO.framework/Versions/A/Resources/libTIFF.dylib
0x0000000025fd2000 	/System/Library/Frameworks/ImageIO.framework/Versions/A/Resources/libPng.dylib
0x0000000025fd2000 	/System/Library/Frameworks/ImageIO.framework/Versions/A/Resources/libGIF.dylib
0x0000000025fd2000 	/System/Library/Frameworks/ImageIO.framework/Versions/A/Resources/libJP2.dylib
0x0000000025fd2000 	/System/Library/Frameworks/ImageIO.framework/Versions/A/Resources/libRadiance.dylib
0x0000000025fd2000 	/usr/lib/libcompression.dylib
0x0000000025fd2000 	/System/Library/PrivateFrameworks/AppleJPEG.framework/Versions/A/AppleJPEG
0x0000000025fd2000 	/usr/lib/libcups.2.dylib
0x0000000025fd2000 	/System/Library/Frameworks/Kerberos.framework/Versions/A/Kerberos
0x0000000025fd2000 	/System/Library/Frameworks/GSS.framework/Versions/A/GSS
0x0000000025fd2000 	/usr/lib/libresolv.9.dylib
0x0000000025fd2000 	/usr/lib/libiconv.2.dylib
0x0000000025fd2000 	/System/Library/PrivateFrameworks/Heimdal.framework/Versions/A/Heimdal
0x0000000025fd2000 	/usr/lib/libheimdal-asn1.dylib
0x0000000025fd2000 	/System/Library/Frameworks/OpenDirectory.framework/Versions/A/OpenDirectory
0x0000000025fd2000 	/System/Library/PrivateFrameworks/CommonAuth.framework/Versions/A/CommonAuth
0x0000000025fd2000 	/System/Library/Frameworks/OpenDirectory.framework/Versions/A/Frameworks/CFOpenDirectory.framework/Versions/A/CFOpenDirectory
0x0000000025fd2000 	/System/Library/Frameworks/SecurityFoundation.framework/Versions/A/SecurityFoundation
0x0000000025fd2000 	/System/Library/PrivateFrameworks/LanguageModeling.framework/Versions/A/LanguageModeling
0x0000000025fd2000 	/usr/lib/libmarisa.dylib
0x0000000025fd2000 	/usr/lib/libChineseTokenizer.dylib
0x0000000025fd2000 	/usr/lib/libcmph.dylib
0x0000000025fd2000 	/System/Library/PrivateFrameworks/CoreEmoji.framework/Versions/A/CoreEmoji
0x0000000025fd2000 	/System/Library/Frameworks/ServiceManagement.framework/Versions/A/ServiceManagement
0x0000000025fd2000 	/usr/lib/libxslt.1.dylib
0x0000000025fd2000 	/System/Library/Frameworks/Carbon.framework/Versions/A/Frameworks/Ink.framework/Versions/A/Ink
0x0000000025fd2000 	/System/Library/PrivateFrameworks/TextureIO.framework/Versions/A/TextureIO
0x0000000025fd2000 	/System/Library/Frameworks/Metal.framework/Versions/A/Metal
0x0000000025fd2000 	/usr/lib/libate.dylib
0x0000000025fd2000 	/System/Library/PrivateFrameworks/GPUCompiler.framework/libmetal_timestamp.dylib
0x0000000025fd2000 	/System/Library/Frameworks/OpenGL.framework/Versions/A/Libraries/libCoreFSCache.dylib
0x0000000025fd2000 	/System/Library/PrivateFrameworks/IOAccelerator.framework/Versions/A/IOAccelerator
0x0000000025fd2000 	/System/Library/Frameworks/CoreVideo.framework/Versions/A/CoreVideo
0x0000000025fd2000 	/usr/lib/libFosl_dynamic.dylib
0x0000000025fd2000 	/System/Library/PrivateFrameworks/MetalPerformanceShaders.framework/Versions/A/MetalPerformanceShaders
0x0000000025fd2000 	/System/Library/PrivateFrameworks/FaceCore.framework/Versions/A/FaceCore
0x0000000025fd2000 	/System/Library/Frameworks/OpenCL.framework/Versions/A/OpenCL
0x0000000025fd2000 	/System/Library/Frameworks/OpenGL.framework/Versions/A/Libraries/libGLU.dylib
0x0000000025fd2000 	/System/Library/Frameworks/OpenGL.framework/Versions/A/Libraries/libGFXShared.dylib
0x0000000025fd2000 	/System/Library/Frameworks/OpenGL.framework/Versions/A/Libraries/libGL.dylib
0x0000000025fd2000 	/System/Library/Frameworks/OpenGL.framework/Versions/A/Libraries/libGLImage.dylib
0x0000000025fd2000 	/System/Library/Frameworks/OpenGL.framework/Versions/A/Libraries/libCVMSPluginSupport.dylib
0x0000000025fd2000 	/System/Library/Frameworks/OpenGL.framework/Versions/A/Libraries/libCoreVMClient.dylib
0x0000000025fd2000 	/System/Library/PrivateFrameworks/CrashReporterSupport.framework/Versions/A/CrashReporterSupport
0x0000000025fd2000 	/System/Library/PrivateFrameworks/Sharing.framework/Versions/A/Sharing
0x0000000025fd2000 	/System/Library/PrivateFrameworks/IconServices.framework/Versions/A/IconServices
0x0000000025fd2000 	/System/Library/PrivateFrameworks/ProtocolBuffer.framework/Versions/A/ProtocolBuffer
0x0000000025fd2000 	/System/Library/PrivateFrameworks/Apple80211.framework/Versions/A/Apple80211
0x0000000025fd2000 	/System/Library/Frameworks/CoreWLAN.framework/Versions/A/CoreWLAN
0x0000000025fd2000 	/System/Library/PrivateFrameworks/CoreUtils.framework/Versions/A/CoreUtils
0x0000000025fd2000 	/System/Library/Frameworks/IOBluetooth.framework/Versions/A/IOBluetooth
0x0000000025fd2000 	/System/Library/PrivateFrameworks/CoreWiFi.framework/Versions/A/CoreWiFi
0x0000000025fd2000 	/System/Library/Frameworks/CoreBluetooth.framework/Versions/A/CoreBluetooth
0x0000000025fd2000 	/System/Library/Frameworks/CoreDisplay.framework/Versions/A/CoreDisplay
0x0000000025fd2000 	/System/Library/PrivateFrameworks/IOPresentment.framework/Versions/A/IOPresentment
0x0000000025fd2000 	/System/Library/PrivateFrameworks/DSExternalDisplay.framework/Versions/A/DSExternalDisplay
0x0000000025fd2000 	/System/Library/PrivateFrameworks/DebugSymbols.framework/Versions/A/DebugSymbols
0x0000000025fd2000 	/System/Library/PrivateFrameworks/CoreSymbolication.framework/Versions/A/CoreSymbolication
0x0000000025fd2000 	/System/Library/PrivateFrameworks/Symbolication.framework/Versions/A/Symbolication
0x0000000025fd2000 	/System/Library/PrivateFrameworks/AppleFSCompression.framework/Versions/A/AppleFSCompression
0x0000000025fd2000 	/System/Library/PrivateFrameworks/SpeechRecognitionCore.framework/Versions/A/SpeechRecognitionCore
0x0000000025fd2000 	/System/Library/PrivateFrameworks/ChunkingLibrary.framework/Versions/A/ChunkingLibrary
0x0000000108962000 	/Library/Java/JavaVirtualMachines/jdk1.8.0_112.jdk/Contents/Home/jre/lib/server/libjvm.dylib
0x0000000025fd2000 	/usr/lib/libstdc++.6.dylib
0x0000000109904000 	/Library/Java/JavaVirtualMachines/jdk1.8.0_112.jdk/Contents/Home/jre/lib/libverify.dylib
0x0000000109912000 	/Library/Java/JavaVirtualMachines/jdk1.8.0_112.jdk/Contents/Home/jre/lib/libjava.dylib
0x0000000109951000 	/Library/Java/JavaVirtualMachines/jdk1.8.0_112.jdk/Contents/Home/jre/lib/libzip.dylib
0x000000010f80c000 	/System/Library/Frameworks/JavaVM.framework/Frameworks/JavaRuntimeSupport.framework/JavaRuntimeSupport
0x000000010f826000 	/System/Library/Frameworks/JavaVM.framework/Versions/A/Frameworks/JavaNativeFoundation.framework/Versions/A/JavaNativeFoundation
0x000000010f83b000 	/System/Library/Frameworks/JavaVM.framework/Versions/A/JavaVM
0x0000000025fd2000 	/System/Library/Frameworks/Carbon.framework/Versions/A/Carbon
0x000000010f848000 	/System/Library/PrivateFrameworks/JavaLaunching.framework/Versions/A/JavaLaunching
0x0000000025fd2000 	/System/Library/Frameworks/Carbon.framework/Versions/A/Frameworks/CommonPanels.framework/Versions/A/CommonPanels
0x0000000025fd2000 	/System/Library/Frameworks/Carbon.framework/Versions/A/Frameworks/Help.framework/Versions/A/Help
0x0000000025fd2000 	/System/Library/Frameworks/Carbon.framework/Versions/A/Frameworks/ImageCapture.framework/Versions/A/ImageCapture
0x0000000025fd2000 	/System/Library/Frameworks/Carbon.framework/Versions/A/Frameworks/OpenScripting.framework/Versions/A/OpenScripting
0x0000000025fd2000 	/System/Library/Frameworks/Carbon.framework/Versions/A/Frameworks/Print.framework/Versions/A/Print
0x0000000025fd2000 	/System/Library/Frameworks/Carbon.framework/Versions/A/Frameworks/SecurityHI.framework/Versions/A/SecurityHI
0x00000001115a5000 	/Library/Java/JavaVirtualMachines/jdk1.8.0_112.jdk/Contents/Home/jre/lib/libnet.dylib
0x000000011163f000 	/Library/Java/JavaVirtualMachines/jdk1.8.0_112.jdk/Contents/Home/jre/lib/libnio.dylib
0x000000011178f000 	/Users/anshulsachdeva/.gradle/native/25/osx-amd64/libnative-platform.dylib
0x0000000111ad4000 	/Library/Java/JavaVirtualMachines/jdk1.8.0_112.jdk/Contents/Home/jre/lib/libmanagement.dylib
0x00000001115bc000 	/Library/Java/JavaVirtualMachines/jdk1.8.0_112.jdk/Contents/Home/jre/lib/libsunec.dylib
0x0000000113aed000 	/Library/Java/JavaVirtualMachines/jdk1.8.0_112.jdk/Contents/Home/jre/lib/libawt.dylib
0x000000011427d000 	/Library/Java/JavaVirtualMachines/jdk1.8.0_112.jdk/Contents/Home/jre/lib/./libmlib_image.dylib
0x00000001256ef000 	/Library/Java/JavaVirtualMachines/jdk1.8.0_112.jdk/Contents/Home/jre/lib/libawt_lwawt.dylib
0x0000000111f4a000 	/Library/Java/JavaVirtualMachines/jdk1.8.0_112.jdk/Contents/Home/jre/lib/./libosxapp.dylib
0x0000000025fd2000 	/System/Library/Frameworks/ExceptionHandling.framework/Versions/A/ExceptionHandling

VM Arguments:
jvm_args: -Xmx1536m -Dfile.encoding=US-ASCII -Duser.country=US -Duser.language=en -Duser.variant 
java_command: org.gradle.launcher.daemon.bootstrap.GradleDaemon 4.1
java_class_path (initial): /Users/anshulsachdeva/.gradle/wrapper/dists/gradle-4.1-all/bzyivzo6n839fup2jbap0tjew/gradle-4.1/lib/gradle-launcher-4.1.jar
Launcher Type: SUN_STANDARD

Environment Variables:
PATH=/usr/local/bin:/usr/bin:/bin:/usr/sbin:/sbin:/Users/anshulsachdeva/Development/flutter/flutter/bin
SHELL=/bin/bash

Signal Handlers:
SIGSEGV: [libjvm.dylib+0x5b11a5], sa_mask[0]=11111111011111110111111111111111, sa_flags=SA_ONSTACK|SA_RESTART|SA_SIGINFO
SIGBUS: [libjvm.dylib+0x5b11a5], sa_mask[0]=11111111011111110111111111111111, sa_flags=SA_RESTART|SA_SIGINFO
SIGFPE: [libjvm.dylib+0x487dc0], sa_mask[0]=11111111011111110111111111111111, sa_flags=SA_RESTART|SA_SIGINFO
SIGPIPE: [libjvm.dylib+0x487dc0], sa_mask[0]=11111111011111110111111111111111, sa_flags=SA_RESTART|SA_SIGINFO
SIGXFSZ: [libjvm.dylib+0x487dc0], sa_mask[0]=11111111011111110111111111111111, sa_flags=SA_RESTART|SA_SIGINFO
SIGILL: [libjvm.dylib+0x487dc0], sa_mask[0]=11111111011111110111111111111111, sa_flags=SA_RESTART|SA_SIGINFO
SIGUSR1: SIG_DFL, sa_mask[0]=11011111011111100000000111000110, sa_flags=none
SIGUSR2: [libjvm.dylib+0x4878de], sa_mask[0]=00100000000000000000000000000000, sa_flags=SA_RESTART|SA_SIGINFO
SIGHUP: [libjvm.dylib+0x485eb5], sa_mask[0]=11111111011111110111111111111111, sa_flags=SA_RESTART|SA_SIGINFO
SIGINT: [libjvm.dylib+0x485eb5], sa_mask[0]=11111111011111110111111111111111, sa_flags=SA_RESTART|SA_SIGINFO
SIGTERM: [libjvm.dylib+0x485eb5], sa_mask[0]=11111111011111110111111111111111, sa_flags=SA_RESTART|SA_SIGINFO
SIGQUIT: [libjvm.dylib+0x485eb5], sa_mask[0]=11111111011111110111111111111111, sa_flags=SA_RESTART|SA_SIGINFO


---------------  S Y S T E M  ---------------

OS:Bsduname:Darwin 16.7.0 Darwin Kernel Version 16.7.0: Thu Jun 15 17:36:27 PDT 2017; root:xnu-3789.70.16~2/RELEASE_X86_64 x86_64
rlimit: STACK 8192k, CORE 0k, NPROC 709, NOFILE 10240, AS infinity
load average:6.96 6.99 5.86

CPU:total 4 (2 cores per cpu, 2 threads per core) family 6 model 61 stepping 4, cmov, cx8, fxsr, mmx, sse, sse2, sse3, ssse3, sse4.1, sse4.2, popcnt, avx, avx2, aes, clmul, erms, 3dnowpref, lzcnt, ht, tsc, tscinvbit, bmi1, bmi2, adx

Memory: 4k page, physical 8388608k(25472k free)

/proc/meminfo:


vm_info: Java HotSpot(TM) 64-Bit Server VM (25.112-b16) for bsd-amd64 JRE (1.8.0_112-b16), built on Sep 30 2016 22:41:41 by "java_re" with gcc 4.2.1 (Based on Apple Inc. build 5658) (LLVM build 2336.11.00)

time: Sat Mar 16 14:29:26 2019
elapsed time: 5979 seconds (0d 1h 39m 39s)

